info @storybook/react v6.0.27
info 
info clean outputDir..
info => Copying prebuild dll's..
info => Building manager..
info => Loading manager config..
info => Loading presets
info => Compiling manager..
Browserslist: caniuse-lite is outdated. Please run next command `yarn upgrade`
info => manager built (4.96 s)
info => Building preview..
info => Loading preview config..
info => Loading presets
info => Loading config/preview file in "./.storybook".
info => Loading config/preview file in "./.storybook".
info => Adding stories defined in ".storybook\main.js".
info => Using custom postcss.config.js
info => Using default Webpack setup.
info => Compiling preview..
<s> [webpack.Progress] 0% compiling
<s> [webpack.Progress] 10% building 0/0 modules 0 active 
<s> [webpack.Progress] 10% building 0/1 modules 1 active multi C:\Users\Doni\Documents\projects\mooskin-ui\node_modules\@storybook\core\dist\server\common\polyfills.js C:\Users\Doni\Documents\projects\mooskin-ui\node_modules\@storybook\core\dist\server\preview\globals.js C:\Users\Doni\Documents\projects\mooskin-ui\.storybook\storybook-init-framework-entry.js C:\Users\Doni\Documents\projects\mooskin-ui\node_modules\@storybook\addon-docs\dist\frameworks\common\config.js-generated-other-entry.js C:\Users\Doni\Documents\projects\mooskin-ui\node_modules\@storybook\addon-docs\dist\frameworks\react\config.js-generated-other-entry.js C:\Users\Doni\Documents\projects\mooskin-ui\node_modules\@storybook\addon-links\dist\preset\addDecorator.js-generated-other-entry.js C:\Users\Doni\Documents\projects\mooskin-ui\node_modules\@storybook\addon-actions\dist\preset\addDecorator.js-generated-other-entry.js C:\Users\Doni\Documents\projects\mooskin-ui\node_modules\@storybook\addon-actions\dist\preset\addArgs.js-generated-other-entry.js C:\Users\Doni\Documents\projects\mooskin-ui\node_modules\@storybook\addon-backgrounds\dist\preset\defaultParameters.js-generated-other-entry.js C:\Users\Doni\Documents\projects\mooskin-ui\.storybook\preview.js-generated-config-entry.js C:\Users\Doni\Documents\projects\mooskin-ui\.storybook\generated-stories-entry.js
<s> [webpack.Progress] 10% building 1/1 modules 0 active 
<s> [webpack.Progress] 10% building 1/2 modules 1 active C:\Users\Doni\Documents\projects\mooskin-ui\.storybook\storybook-init-framework-entry.js
<s> [webpack.Progress] 10% building 1/3 modules 2 active C:\Users\Doni\Documents\projects\mooskin-ui\.storybook\preview.js-generated-config-entry.js
<s> [webpack.Progress] 10% building 2/3 modules 1 active C:\Users\Doni\Documents\projects\mooskin-ui\.storybook\preview.js-generated-config-entry.js
<s> [webpack.Progress] 10% building 3/3 modules 0 active 
<s> [webpack.Progress] 10% building 3/4 modules 1 active C:\Users\Doni\Documents\projects\mooskin-ui\.storybook\generated-stories-entry.js
<s> [webpack.Progress] 10% building 4/4 modules 0 active 
<s> [webpack.Progress] 10% building 4/5 modules 1 active C:\Users\Doni\Documents\projects\mooskin-ui\stories sync /^\.(?:(?:^|[\\/]|(?:(?:(?!(?:^|[\\/])\.).)*?)[\\/])(?!\.)(?=.)[^\\/]*?\.stories\.mdx)$/
<s> [webpack.Progress] 10% building 4/6 modules 2 active C:\Users\Doni\Documents\projects\mooskin-ui\stories sync /^\.(?:(?:^|[\\/]|(?:(?:(?!(?:^|[\\/])\.).)*?)[\\/])(?!\.)(?=.)[^\\/]*?\.stories\.(js|jsx|ts|tsx))$/
<s> [webpack.Progress] 10% building 4/7 modules 3 active C:\Users\Doni\Documents\projects\mooskin-ui\.storybook\preview.js
<s> [webpack.Progress] 10% building 5/7 modules 2 active C:\Users\Doni\Documents\projects\mooskin-ui\.storybook\preview.js
<s> [webpack.Progress] 10% building 6/7 modules 1 active C:\Users\Doni\Documents\projects\mooskin-ui\.storybook\preview.js
<s> [webpack.Progress] 10% building 7/7 modules 0 active 
<s> [webpack.Progress] 10% building 7/8 modules 1 active C:\Users\Doni\Documents\projects\mooskin-ui\node_modules\@storybook\addon-links\dist\preset\addDecorator.js-generated-other-entry.js
<s> [webpack.Progress] 10% building 7/9 modules 2 active C:\Users\Doni\Documents\projects\mooskin-ui\node_modules\@storybook\addon-backgrounds\dist\preset\defaultParameters.js-generated-other-entry.js
<s> [webpack.Progress] 10% building 7/10 modules 3 active C:\Users\Doni\Documents\projects\mooskin-ui\node_modules\@storybook\addon-actions\dist\preset\addDecorator.js-generated-other-entry.js
<s> [webpack.Progress] 10% building 7/11 modules 4 active C:\Users\Doni\Documents\projects\mooskin-ui\node_modules\@storybook\addon-actions\dist\preset\addArgs.js-generated-other-entry.js
<s> [webpack.Progress] 10% building 7/12 modules 5 active C:\Users\Doni\Documents\projects\mooskin-ui\node_modules\@storybook\addon-docs\dist\frameworks\common\config.js-generated-other-entry.js
<s> [webpack.Progress] 10% building 7/13 modules 6 active C:\Users\Doni\Documents\projects\mooskin-ui\node_modules\@storybook\addon-docs\dist\frameworks\react\config.js-generated-other-entry.js
<s> [webpack.Progress] 10% building 8/13 modules 5 active C:\Users\Doni\Documents\projects\mooskin-ui\node_modules\@storybook\addon-docs\dist\frameworks\react\config.js-generated-other-entry.js
<s> [webpack.Progress] 11% building 9/13 modules 4 active C:\Users\Doni\Documents\projects\mooskin-ui\node_modules\@storybook\addon-docs\dist\frameworks\react\config.js-generated-other-entry.js
<s> [webpack.Progress] 11% building 10/13 modules 3 active C:\Users\Doni\Documents\projects\mooskin-ui\node_modules\@storybook\addon-docs\dist\frameworks\react\config.js-generated-other-entry.js
<s> [webpack.Progress] 11% building 11/13 modules 2 active C:\Users\Doni\Documents\projects\mooskin-ui\node_modules\@storybook\addon-docs\dist\frameworks\react\config.js-generated-other-entry.js
<s> [webpack.Progress] 11% building 12/13 modules 1 active C:\Users\Doni\Documents\projects\mooskin-ui\node_modules\@storybook\addon-docs\dist\frameworks\react\config.js-generated-other-entry.js
<s> [webpack.Progress] 11% building 13/13 modules 0 active 
<s> [webpack.Progress] 11% building 13/14 modules 1 active C:\Users\Doni\Documents\projects\mooskin-ui\node_modules\@storybook\core\dist\server\common\polyfills.js
<s> [webpack.Progress] 11% building 13/15 modules 2 active C:\Users\Doni\Documents\projects\mooskin-ui\node_modules\@storybook\core\dist\server\preview\globals.js
<s> [webpack.Progress] 11% building 13/16 modules 3 active C:\Users\Doni\Documents\projects\mooskin-ui\node_modules\@storybook\core\node_modules\webpack\buildin\module.js
<s> [webpack.Progress] 11% building 13/17 modules 4 active C:\Users\Doni\Documents\projects\mooskin-ui\node_modules\@storybook\addon-links\dist\preset\addDecorator.js
<s> [webpack.Progress] 11% building 13/18 modules 5 active C:\Users\Doni\Documents\projects\mooskin-ui\node_modules\@storybook\addon-backgrounds\dist\preset\defaultParameters.js
<s> [webpack.Progress] 11% building 13/19 modules 6 active C:\Users\Doni\Documents\projects\mooskin-ui\node_modules\@storybook\addon-actions\dist\preset\addDecorator.js
<s> [webpack.Progress] 11% building 13/20 modules 7 active C:\Users\Doni\Documents\projects\mooskin-ui\node_modules\@storybook\addon-actions\dist\preset\addArgs.js
<s> [webpack.Progress] 11% building 13/21 modules 8 active C:\Users\Doni\Documents\projects\mooskin-ui\node_modules\@storybook\addon-docs\dist\frameworks\common\config.js
<s> [webpack.Progress] 11% building 13/22 modules 9 active C:\Users\Doni\Documents\projects\mooskin-ui\node_modules\@storybook\addon-docs\dist\frameworks\react\config.js
<s> [webpack.Progress] 11% building 14/22 modules 8 active C:\Users\Doni\Documents\projects\mooskin-ui\node_modules\@storybook\addon-docs\dist\frameworks\react\config.js
<s> [webpack.Progress] 11% building 15/22 modules 7 active C:\Users\Doni\Documents\projects\mooskin-ui\node_modules\@storybook\addon-docs\dist\frameworks\react\config.js
<s> [webpack.Progress] 11% building 16/22 modules 6 active C:\Users\Doni\Documents\projects\mooskin-ui\node_modules\@storybook\addon-docs\dist\frameworks\react\config.js
<s> [webpack.Progress] 12% building 17/22 modules 5 active C:\Users\Doni\Documents\projects\mooskin-ui\node_modules\@storybook\addon-docs\dist\frameworks\react\config.js
<s> [webpack.Progress] 12% building 18/22 modules 4 active C:\Users\Doni\Documents\projects\mooskin-ui\node_modules\@storybook\addon-docs\dist\frameworks\react\config.js
<s> [webpack.Progress] 12% building 19/22 modules 3 active C:\Users\Doni\Documents\projects\mooskin-ui\node_modules\@storybook\addon-docs\dist\frameworks\react\config.js
<s> [webpack.Progress] 12% building 20/22 modules 2 active C:\Users\Doni\Documents\projects\mooskin-ui\node_modules\@storybook\addon-docs\dist\frameworks\react\config.js
<s> [webpack.Progress] 12% building 21/22 modules 1 active C:\Users\Doni\Documents\projects\mooskin-ui\node_modules\@storybook\addon-docs\dist\frameworks\react\config.js
<s> [webpack.Progress] 12% building 22/22 modules 0 active 
<s> [webpack.Progress] 12% building 22/23 modules 1 active C:\Users\Doni\Documents\projects\mooskin-ui\node_modules\babel-loader\lib\index.js!C:\Users\Doni\Documents\projects\mooskin-ui\node_modules\ts-loader\index.js??ref--7-1!C:\Users\Doni\Documents\projects\mooskin-ui\stories\ActionsDropdown.stories.tsx
<s> [webpack.Progress] 12% building 22/24 modules 2 active C:\Users\Doni\Documents\projects\mooskin-ui\node_modules\babel-loader\lib\index.js!C:\Users\Doni\Documents\projects\mooskin-ui\node_modules\ts-loader\index.js??ref--7-1!C:\Users\Doni\Documents\projects\mooskin-ui\stories\Alert.stories.tsx
<s> [webpack.Progress] 12% building 22/25 modules 3 active C:\Users\Doni\Documents\projects\mooskin-ui\node_modules\babel-loader\lib\index.js!C:\Users\Doni\Documents\projects\mooskin-ui\node_modules\ts-loader\index.js??ref--7-1!C:\Users\Doni\Documents\projects\mooskin-ui\stories\Anchor.stories.tsx
<s> [webpack.Progress] 12% building 22/26 modules 4 active C:\Users\Doni\Documents\projects\mooskin-ui\node_modules\babel-loader\lib\index.js!C:\Users\Doni\Documents\projects\mooskin-ui\node_modules\ts-loader\index.js??ref--7-1!C:\Users\Doni\Documents\projects\mooskin-ui\stories\Box.stories.tsx
<s> [webpack.Progress] 12% building 22/27 modules 5 active C:\Users\Doni\Documents\projects\mooskin-ui\node_modules\babel-loader\lib\index.js!C:\Users\Doni\Documents\projects\mooskin-ui\node_modules\ts-loader\index.js??ref--7-1!C:\Users\Doni\Documents\projects\mooskin-ui\stories\Button.stories.tsx
<s> [webpack.Progress] 12% building 22/28 modules 6 active C:\Users\Doni\Documents\projects\mooskin-ui\node_modules\babel-loader\lib\index.js!C:\Users\Doni\Documents\projects\mooskin-ui\node_modules\ts-loader\index.js??ref--7-1!C:\Users\Doni\Documents\projects\mooskin-ui\stories\Carousel.stories.tsx
<s> [webpack.Progress] 12% building 22/29 modules 7 active C:\Users\Doni\Documents\projects\mooskin-ui\node_modules\babel-loader\lib\index.js!C:\Users\Doni\Documents\projects\mooskin-ui\node_modules\ts-loader\index.js??ref--7-1!C:\Users\Doni\Documents\projects\mooskin-ui\stories\Checkbox.stories.tsx
<s> [webpack.Progress] 12% building 22/30 modules 8 active C:\Users\Doni\Documents\projects\mooskin-ui\node_modules\babel-loader\lib\index.js!C:\Users\Doni\Documents\projects\mooskin-ui\node_modules\ts-loader\index.js??ref--7-1!C:\Users\Doni\Documents\projects\mooskin-ui\stories\DatePicker.stories.tsx
<s> [webpack.Progress] 12% building 22/31 modules 9 active C:\Users\Doni\Documents\projects\mooskin-ui\node_modules\babel-loader\lib\index.js!C:\Users\Doni\Documents\projects\mooskin-ui\node_modules\ts-loader\index.js??ref--7-1!C:\Users\Doni\Documents\projects\mooskin-ui\stories\DateRange.stories.tsx
<s> [webpack.Progress] 12% building 22/32 modules 10 active C:\Users\Doni\Documents\projects\mooskin-ui\node_modules\babel-loader\lib\index.js!C:\Users\Doni\Documents\projects\mooskin-ui\node_modules\ts-loader\index.js??ref--7-1!C:\Users\Doni\Documents\projects\mooskin-ui\stories\DateSelect.stories.tsx
<s> [webpack.Progress] 12% building 22/33 modules 11 active C:\Users\Doni\Documents\projects\mooskin-ui\node_modules\babel-loader\lib\index.js!C:\Users\Doni\Documents\projects\mooskin-ui\node_modules\ts-loader\index.js??ref--7-1!C:\Users\Doni\Documents\projects\mooskin-ui\stories\DateTimePicker.stories.tsx
<s> [webpack.Progress] 12% building 22/34 modules 12 active C:\Users\Doni\Documents\projects\mooskin-ui\node_modules\babel-loader\lib\index.js!C:\Users\Doni\Documents\projects\mooskin-ui\node_modules\ts-loader\index.js??ref--7-1!C:\Users\Doni\Documents\projects\mooskin-ui\stories\Drawer.stories.tsx
<s> [webpack.Progress] 12% building 22/35 modules 13 active C:\Users\Doni\Documents\projects\mooskin-ui\node_modules\babel-loader\lib\index.js!C:\Users\Doni\Documents\projects\mooskin-ui\node_modules\ts-loader\index.js??ref--7-1!C:\Users\Doni\Documents\projects\mooskin-ui\stories\Expandable.stories.tsx
<s> [webpack.Progress] 12% building 22/36 modules 14 active C:\Users\Doni\Documents\projects\mooskin-ui\node_modules\babel-loader\lib\index.js!C:\Users\Doni\Documents\projects\mooskin-ui\node_modules\ts-loader\index.js??ref--7-1!C:\Users\Doni\Documents\projects\mooskin-ui\stories\Footer.stories.tsx
<s> [webpack.Progress] 12% building 22/37 modules 15 active C:\Users\Doni\Documents\projects\mooskin-ui\node_modules\babel-loader\lib\index.js!C:\Users\Doni\Documents\projects\mooskin-ui\node_modules\ts-loader\index.js??ref--7-1!C:\Users\Doni\Documents\projects\mooskin-ui\stories\Grid.stories.tsx
<s> [webpack.Progress] 12% building 22/38 modules 16 active C:\Users\Doni\Documents\projects\mooskin-ui\node_modules\babel-loader\lib\index.js!C:\Users\Doni\Documents\projects\mooskin-ui\node_modules\ts-loader\index.js??ref--7-1!C:\Users\Doni\Documents\projects\mooskin-ui\stories\IconButton.stories.tsx
<s> [webpack.Progress] 12% building 22/39 modules 17 active C:\Users\Doni\Documents\projects\mooskin-ui\node_modules\babel-loader\lib\index.js!C:\Users\Doni\Documents\projects\mooskin-ui\node_modules\ts-loader\index.js??ref--7-1!C:\Users\Doni\Documents\projects\mooskin-ui\stories\Input.stories.tsx
<s> [webpack.Progress] 12% building 22/40 modules 18 active C:\Users\Doni\Documents\projects\mooskin-ui\node_modules\babel-loader\lib\index.js!C:\Users\Doni\Documents\projects\mooskin-ui\node_modules\ts-loader\index.js??ref--7-1!C:\Users\Doni\Documents\projects\mooskin-ui\stories\Layout.stories.tsx
<s> [webpack.Progress] 12% building 22/41 modules 19 active C:\Users\Doni\Documents\projects\mooskin-ui\node_modules\babel-loader\lib\index.js!C:\Users\Doni\Documents\projects\mooskin-ui\node_modules\ts-loader\index.js??ref--7-1!C:\Users\Doni\Documents\projects\mooskin-ui\stories\List.stories.tsx
<s> [webpack.Progress] 12% building 22/42 modules 20 active C:\Users\Doni\Documents\projects\mooskin-ui\node_modules\babel-loader\lib\index.js!C:\Users\Doni\Documents\projects\mooskin-ui\node_modules\ts-loader\index.js??ref--7-1!C:\Users\Doni\Documents\projects\mooskin-ui\stories\Modal.stories.tsx
<s> [webpack.Progress] 12% building 22/43 modules 21 active C:\Users\Doni\Documents\projects\mooskin-ui\node_modules\babel-loader\lib\index.js!C:\Users\Doni\Documents\projects\mooskin-ui\node_modules\ts-loader\index.js??ref--7-1!C:\Users\Doni\Documents\projects\mooskin-ui\stories\Pagination.stories.tsx
<s> [webpack.Progress] 12% building 22/44 modules 22 active C:\Users\Doni\Documents\projects\mooskin-ui\node_modules\babel-loader\lib\index.js!C:\Users\Doni\Documents\projects\mooskin-ui\node_modules\ts-loader\index.js??ref--7-1!C:\Users\Doni\Documents\projects\mooskin-ui\stories\Radio.stories.tsx
<s> [webpack.Progress] 12% building 22/45 modules 23 active C:\Users\Doni\Documents\projects\mooskin-ui\node_modules\babel-loader\lib\index.js!C:\Users\Doni\Documents\projects\mooskin-ui\node_modules\ts-loader\index.js??ref--7-1!C:\Users\Doni\Documents\projects\mooskin-ui\stories\Select.stories.tsx
<s> [webpack.Progress] 12% building 22/46 modules 24 active C:\Users\Doni\Documents\projects\mooskin-ui\node_modules\babel-loader\lib\index.js!C:\Users\Doni\Documents\projects\mooskin-ui\node_modules\ts-loader\index.js??ref--7-1!C:\Users\Doni\Documents\projects\mooskin-ui\stories\Selector.stories.tsx
<s> [webpack.Progress] 12% building 22/47 modules 25 active C:\Users\Doni\Documents\projects\mooskin-ui\node_modules\babel-loader\lib\index.js!C:\Users\Doni\Documents\projects\mooskin-ui\node_modules\ts-loader\index.js??ref--7-1!C:\Users\Doni\Documents\projects\mooskin-ui\stories\Sidemenu.stories.tsx
<s> [webpack.Progress] 12% building 22/48 modules 26 active C:\Users\Doni\Documents\projects\mooskin-ui\node_modules\babel-loader\lib\index.js!C:\Users\Doni\Documents\projects\mooskin-ui\node_modules\ts-loader\index.js??ref--7-1!C:\Users\Doni\Documents\projects\mooskin-ui\stories\Skeleton.stories.tsx
<s> [webpack.Progress] 12% building 22/49 modules 27 active C:\Users\Doni\Documents\projects\mooskin-ui\node_modules\babel-loader\lib\index.js!C:\Users\Doni\Documents\projects\mooskin-ui\node_modules\ts-loader\index.js??ref--7-1!C:\Users\Doni\Documents\projects\mooskin-ui\stories\Stack.stories.tsx
<s> [webpack.Progress] 12% building 22/50 modules 28 active C:\Users\Doni\Documents\projects\mooskin-ui\node_modules\babel-loader\lib\index.js!C:\Users\Doni\Documents\projects\mooskin-ui\node_modules\ts-loader\index.js??ref--7-1!C:\Users\Doni\Documents\projects\mooskin-ui\stories\Switch.stories.tsx
<s> [webpack.Progress] 12% building 22/51 modules 29 active C:\Users\Doni\Documents\projects\mooskin-ui\node_modules\babel-loader\lib\index.js!C:\Users\Doni\Documents\projects\mooskin-ui\node_modules\ts-loader\index.js??ref--7-1!C:\Users\Doni\Documents\projects\mooskin-ui\stories\Table.stories.tsx
<s> [webpack.Progress] 12% building 22/52 modules 30 active C:\Users\Doni\Documents\projects\mooskin-ui\node_modules\babel-loader\lib\index.js!C:\Users\Doni\Documents\projects\mooskin-ui\node_modules\ts-loader\index.js??ref--7-1!C:\Users\Doni\Documents\projects\mooskin-ui\stories\Tabs.stories.tsx
<s> [webpack.Progress] 12% building 22/53 modules 31 active C:\Users\Doni\Documents\projects\mooskin-ui\node_modules\babel-loader\lib\index.js!C:\Users\Doni\Documents\projects\mooskin-ui\node_modules\ts-loader\index.js??ref--7-1!C:\Users\Doni\Documents\projects\mooskin-ui\stories\Tags.stories.tsx
<s> [webpack.Progress] 12% building 22/54 modules 32 active C:\Users\Doni\Documents\projects\mooskin-ui\node_modules\babel-loader\lib\index.js!C:\Users\Doni\Documents\projects\mooskin-ui\node_modules\ts-loader\index.js??ref--7-1!C:\Users\Doni\Documents\projects\mooskin-ui\stories\Textarea.stories.tsx
<s> [webpack.Progress] 12% building 22/55 modules 33 active C:\Users\Doni\Documents\projects\mooskin-ui\node_modules\@storybook\addon-links\dist\index.js
<s> [webpack.Progress] 12% building 22/56 modules 34 active C:\Users\Doni\Documents\projects\mooskin-ui\node_modules\@storybook\addon-actions\dist\index.js
<s> [webpack.Progress] 12% building 22/57 modules 35 active C:\Users\Doni\Documents\projects\mooskin-ui\node_modules\@storybook\addon-docs\dist\frameworks\common\enhanceArgTypes.js
<s> [webpack.Progress] 12% building 22/58 modules 36 active C:\Users\Doni\Documents\projects\mooskin-ui\node_modules\@storybook\addon-docs\dist\frameworks\react\extractArgTypes.js
<s> [webpack.Progress] 12% building 22/59 modules 37 active C:\Users\Doni\Documents\projects\mooskin-ui\node_modules\@storybook\addon-docs\dist\frameworks\react\jsxDecorator.js
<s> [webpack.Progress] 12% building 22/60 modules 38 active C:\Users\Doni\Documents\projects\mooskin-ui\node_modules\@storybook\client-api\dist\index.js
